<?xml version="1.0" encoding="UTF-8"?>
<!-- Generated by org.testng.reporters.JUnitXMLReporter -->
<testsuite hostname="dell-PC" ignored="0" name="MY GEO Tracking Login LogOut " tests="3" failures="0" timestamp="04 Oct 2018 11:02:29 GMT" time="74.256" errors="0">
  <testcase name="LoginBtnTest" time="0.032" classname="com.mygeo.qa.test.LoginTest"/>
  <testcase name="MainloginpageTest" time="11.745" classname="com.mygeo.qa.test.LoginTest"/>
  <testcase name="MygeoLogoutTest" time="0.013" classname="com.mygeo.qa.test.LoginTest"/>
</testsuite> <!-- MY GEO Tracking Login LogOut  -->
