<?xml version="1.0" encoding="UTF-8"?>
<testng-results skipped="0" failed="0" ignored="0" total="4" passed="4">
  <reporter-output>
  </reporter-output>
  <suite name="Default suite" duration-ms="59955" started-at="2018-10-05T05:03:03Z" finished-at="2018-10-05T05:04:03Z">
    <groups>
    </groups>
    <test name="Default test" duration-ms="59955" started-at="2018-10-05T05:03:03Z" finished-at="2018-10-05T05:04:03Z">
      <class name="com.mygeo.qa.test.LoginTest">
        <test-method status="PASS" signature="setup()[pri:0, instance:com.mygeo.qa.test.LoginTest@14b1c02]" name="setup" is-config="true" duration-ms="26214" started-at="2018-10-05T10:33:03Z" finished-at="2018-10-05T10:33:29Z">
          <reporter-output>
          </reporter-output>
        </test-method> <!-- setup -->
        <test-method status="PASS" signature="LoginBtnTest()[pri:1, instance:com.mygeo.qa.test.LoginTest@14b1c02]" name="LoginBtnTest" duration-ms="4878" started-at="2018-10-05T10:33:29Z" finished-at="2018-10-05T10:33:34Z">
          <reporter-output>
          </reporter-output>
        </test-method> <!-- LoginBtnTest -->
        <test-method status="PASS" signature="WhitoutinfoTest()[pri:2, instance:com.mygeo.qa.test.LoginTest@14b1c02]" name="WhitoutinfoTest" duration-ms="3051" started-at="2018-10-05T10:33:34Z" depends-on-methods="com.mygeo.qa.test.LoginTest.LoginBtnTest" finished-at="2018-10-05T10:33:37Z">
          <reporter-output>
          </reporter-output>
        </test-method> <!-- WhitoutinfoTest -->
        <test-method status="PASS" signature="MainloginpageTest()[pri:3, instance:com.mygeo.qa.test.LoginTest@14b1c02]" name="MainloginpageTest" duration-ms="3703" started-at="2018-10-05T10:33:37Z" depends-on-methods="com.mygeo.qa.test.LoginTest.LoginBtnTest" finished-at="2018-10-05T10:33:41Z">
          <reporter-output>
          </reporter-output>
        </test-method> <!-- MainloginpageTest -->
        <test-method status="PASS" signature="MygeoLogoutTest()[pri:4, instance:com.mygeo.qa.test.LoginTest@14b1c02]" name="MygeoLogoutTest" duration-ms="13" started-at="2018-10-05T10:33:41Z" depends-on-methods="com.mygeo.qa.test.LoginTest.MainloginpageTest" finished-at="2018-10-05T10:33:41Z">
          <reporter-output>
          </reporter-output>
        </test-method> <!-- MygeoLogoutTest -->
        <test-method status="PASS" signature="tearDown()[pri:0, instance:com.mygeo.qa.test.LoginTest@14b1c02]" name="tearDown" is-config="true" duration-ms="22056" started-at="2018-10-05T10:33:41Z" finished-at="2018-10-05T10:34:03Z">
          <reporter-output>
          </reporter-output>
        </test-method> <!-- tearDown -->
      </class> <!-- com.mygeo.qa.test.LoginTest -->
    </test> <!-- Default test -->
  </suite> <!-- Default suite -->
</testng-results>
